<?xml version="1.0" encoding="UTF-8"?>
<!-- Generated by org.testng.reporters.JUnitXMLReporter -->
<testsuite hostname="DESKTOP-O2AIMQJ" ignored="0" name="Command line test" tests="1" failures="0" timestamp="2020-11-01T23:54:24 CET" time="0.157" errors="0">
  <testcase name="@BeforeClass testSetup" time="0.1" classname="com.test.gmail.GmailTest">
    <failure type="java.lang.IllegalStateException" message="The driver executable does not exist: D:\Gmail\src\test\resources\Driver\chromedriver.exe">
      <![CDATA[java.lang.IllegalStateException: The driver executable does not exist: D:\Gmail\src\test\resources\Driver\chromedriver.exe
at com.google.common.base.Preconditions.checkState(Preconditions.java:585)
at org.openqa.selenium.remote.service.DriverService.checkExecutable(DriverService.java:146)
at org.openqa.selenium.remote.service.DriverService.findExecutable(DriverService.java:141)
at org.openqa.selenium.chrome.ChromeDriverService.access$000(ChromeDriverService.java:35)
at org.openqa.selenium.chrome.ChromeDriverService$Builder.findDefaultExecutable(ChromeDriverService.java:159)
at org.openqa.selenium.remote.service.DriverService$Builder.build(DriverService.java:355)
at org.openqa.selenium.chrome.ChromeDriverService.createDefaultService(ChromeDriverService.java:94)
at org.openqa.selenium.chrome.ChromeDriver.<init>(ChromeDriver.java:123)
at com.test.gmail.GmailTest.testSetup(GmailTest.java:22)
at java.util.ArrayList.forEach(Unknown Source)
... Removed 34 stack frames]]>
    </failure>
  </testcase> <!-- @BeforeClass testSetup -->
  <testcase name="@BeforeMethod openBrowser" time="-1.604271264148E9" classname="com.test.gmail.GmailTest">
    <skipped/>
  </testcase> <!-- @BeforeMethod openBrowser -->
  <testcase name="@AfterMethod postSignUp" time="-1.604271264151E9" classname="com.test.gmail.GmailTest">
    <skipped/>
  </testcase> <!-- @AfterMethod postSignUp -->
  <testcase name="@AfterClass afterClass" time="-1.604271264152E9" classname="com.test.gmail.GmailTest">
    <skipped/>
  </testcase> <!-- @AfterClass afterClass -->
  <testcase name="signUp" time="0.0" classname="com.test.gmail.GmailTest">
    <skipped/>
  </testcase> <!-- signUp -->
</testsuite> <!-- Command line test -->
